Сборка начата 17.03.2016 8:28:46.
     1>Проект "C:\Users\user\Desktop\DnoExplorer\DnoExplorer\DnoExplorer.vcxproj" в узле 2 (целевые объекты Build).
     1>ClCompile:
         C:\Program Files (x86)\Microsoft Visual Studio 14.0\VC\bin\CL.exe /c /ZI /nologo /W3 /WX- /Od /Oy- /D WIN32 /D _DEBUG /D _WINDOWS /D _UNICODE /D UNICODE /Gm /EHsc /RTC1 /MDd /GS /fp:precise /Zc:wchar_t /Zc:forScope /Zc:inline /Yu"stdafx.h" /Fp"Debug\DnoExplorer.pch" /Fo"Debug\\" /Fd"Debug\vc140.pdb" /Gd /TP /analyze- /errorReport:prompt DnoExplorer.cpp FileContainer.cpp Tree.cpp
         Tree.cpp
     1>c:\users\user\desktop\dnoexplorer\dnoexplorer\tree.cpp(85): warning C4996: 'strcat': This function or variable may be unsafe. Consider using strcat_s instead. To disable deprecation, use _CRT_SECURE_NO_WARNINGS. See online help for details.
         c:\program files (x86)\windows kits\10\include\10.0.10150.0\ucrt\string.h(90): note:  см. объявление "strcat"
         FileContainer.cpp
         DnoExplorer.cpp
         Создание кода...
       Link:
         C:\Program Files (x86)\Microsoft Visual Studio 14.0\VC\bin\link.exe /ERRORREPORT:PROMPT /OUT:"C:\Users\user\Desktop\DnoExplorer\Debug\DnoExplorer.exe" /INCREMENTAL /NOLOGO kernel32.lib user32.lib gdi32.lib winspool.lib comdlg32.lib advapi32.lib shell32.lib ole32.lib oleaut32.lib uuid.lib odbc32.lib odbccp32.lib /MANIFEST /MANIFESTUAC:"level='asInvoker' uiAccess='false'" /manifest:embed /Debug /PDB:"C:\Users\user\Desktop\DnoExplorer\Debug\DnoExplorer.pdb" /SUBSYSTEM:WINDOWS /TLBID:1 /DYNAMICBASE /NXCOMPAT /IMPLIB:"C:\Users\user\Desktop\DnoExplorer\Debug\DnoExplorer.lib" /MACHINE:X86 Debug\DnoExplorer.res
         Debug\DnoExplorer.obj
         Debug\FileContainer.obj
         Debug\stdafx.obj
         Debug\Tree.obj
         DnoExplorer.vcxproj -> C:\Users\user\Desktop\DnoExplorer\Debug\DnoExplorer.exe
     1>Сборка проекта "C:\Users\user\Desktop\DnoExplorer\DnoExplorer\DnoExplorer.vcxproj" завершена (целевые объекты Build).

Сборка успешно завершена.

Затраченное время: 00:00:10.72
